coord ['1', 'a']
coord ['1', 'b']
coord ['1', 'c']
coord ['1', 'd']
coord ['1', 'e']
coord ['1', 'f']
coord ['2', 'a']
coord ['2', 'b']
coord ['2', 'c']
coord ['2', 'd']
coord ['2', 'e']
coord ['2', 'f']
coord ['3', 'a']
coord ['3', 'b']
coord ['3', 'c']
coord ['3', 'd']
coord ['3', 'e']
coord ['3', 'f']
coord ['4', 'a']
coord ['4', 'b']
coord ['4', 'c']
coord ['4', 'd']
coord ['4', 'e']
coord ['4', 'f']
coord ['5', 'a']
coord ['5', 'b']
coord ['5', 'c']
coord ['5', 'd']
coord ['5', 'e']
coord ['5', 'f']
coord ['6', 'a']
coord ['6', 'b']
coord ['6', 'c']
coord ['6', 'd']
coord ['6', 'e']
coord ['6', 'f']
coord ['3', 'a']
coord ['3', 'e']
coord ['6', 'f']
coord ['5', 'f']
coord ['4', 'f']
coord ['1', 'a']
coord ['1', 'b']
coord ['1', 'c']
coord ['1', 'd']
coord ['1', 'e']
coord ['1', 'f']
coord ['2', 'a']
coord ['2', 'b']
coord ['2', 'c']
coord ['2', 'd']
coord ['2', 'e']
coord ['2', 'f']
coord ['3', 'a']
coord ['3', 'b']
coord ['3', 'c']
coord ['3', 'd']
coord ['3', 'e']
coord ['3', 'f']
coord ['4', 'a']
coord ['4', 'b']
coord ['4', 'c']
coord ['4', 'd']
coord ['4', 'e']
coord ['4', 'f']
coord ['5', 'a']
coord ['5', 'b']
coord ['5', 'c']
coord ['5', 'd']
coord ['5', 'e']
coord ['5', 'f']
coord ['6', 'a']
coord ['6', 'b']
coord ['6', 'c']
coord ['6', 'd']
coord ['6', 'e']
coord ['6', 'f']
coord ['1', 'a']
coord ['4', 'b']
coord ['3', 'a']
coord ['6', 'f']
coord ['5', 'a']
coord ['3', 'e']
coord ['2', 'b']
coord ['3', 'f']
coord ['4', 'b']
coord ['4', 'e']
coord ['6', 'b']
coord ['5', 'f']
coord ['1', 'c']
coord ['4', 'd']
coord ['3', 'c']
coord ['3', 'd']
coord ['5', 'c']
coord ['5', 'b']
coord ['2', 'd']
coord ['6', 'a']
coord ['4', 'd']
coord ['1', 'd']
coord ['6', 'd']
coord ['4', 'a']
coord ['1', 'e']
coord ['3', 'b']
coord ['3', 'e']
coord ['1', 'a']
coord ['5', 'e']
coord ['6', 'b']
coord ['2', 'f']
coord ['1', 'e']
coord ['4', 'f']
coord ['1', 'c']
coord ['6', 'f']
coord ['6', 'd']
coord ['1', 'f']
coord ['5', 'd']
coord ['1', 'd']
coord ['1', 'b']
coord ['1', 'b']
coord ['5', 'e']
coord ['2', 'a']
coord ['2', 'a']
coord ['2', 'c']
coord ['4', 'f']
coord ['2', 'e']
coord ['2', 'c']
coord ['3', 'f']
coord ['3', 'a']
